Build started 12-10-2010 21:54:01.
     1>Project "C:\ISEL\semestre5\SO\Trabalhos\Exemplos\04-CriacaoTarefas\CriacaoTarefas\CriacaoTarefas.vcxproj" on node 2 (build target(s)).
     1>InitializeBuildStatus:
         Creating "Debug\CriacaoTarefas.unsuccessfulbuild" because "AlwaysCreate" was specified.
       ClCompile:
         All outputs are up-to-date.
         C:\Program Files (x86)\Microsoft\Visual Studio 10.0\VC\bin\CL.exe /c /ZI /nologo /W3 /WX- /Od /Oy- /D WIN32 /D _DEBUG /D _CONSOLE /D _UNICODE /D UNICODE /Gm /EHsc /RTC1 /MDd /GS /fp:precise /Zc:wchar_t /Zc:forScope /Fo"Debug\\" /Fd"Debug\vc100.pdb" /Gd /TP /analyze- /errorReport:prompt CriacaoTarefas.cpp
         CriacaoTarefas.cpp
     1>c:\isel\semestre5\so\trabalhos\exemplos\04-criacaotarefas\criacaotarefas\criacaotarefas.cpp(102): warning C4018: '<' : signed/unsigned mismatch
     1>c:\isel\semestre5\so\trabalhos\exemplos\04-criacaotarefas\criacaotarefas\criacaotarefas.cpp(125): warning C4244: 'argument' : conversion from 'time_t' to 'unsigned int', possible loss of data
     1>c:\isel\semestre5\so\trabalhos\exemplos\04-criacaotarefas\criacaotarefas\criacaotarefas.cpp(161): warning C4018: '<' : signed/unsigned mismatch
     1>c:\isel\semestre5\so\trabalhos\exemplos\04-criacaotarefas\criacaotarefas\criacaotarefas.cpp(176): warning C4018: '<' : signed/unsigned mismatch
       ManifestResourceCompile:
         All outputs are up-to-date.
       Link:
         C:\Program Files (x86)\Microsoft\Visual Studio 10.0\VC\bin\link.exe /ERRORREPORT:PROMPT /OUT:"Debug\CriacaoTarefas.exe" /INCREMENTAL /NOLOGO kernel32.lib user32.lib gdi32.lib winspool.lib comdlg32.lib advapi32.lib shell32.lib ole32.lib oleaut32.lib uuid.lib odbc32.lib odbccp32.lib /MANIFEST /ManifestFile:"Debug\CriacaoTarefas.exe.intermediate.manifest" /MANIFESTUAC:"level='asInvoker' uiAccess='false'" /DEBUG /PDB:"C:\ISEL\semestre5\SO\Trabalhos\Exemplos\04-CriacaoTarefas\CriacaoTarefas\Debug\CriacaoTarefas.pdb" /SUBSYSTEM:CONSOLE /TLBID:1 /DYNAMICBASE:NO /IMPLIB:"Debug\CriacaoTarefas.lib" /MACHINE:X86 Debug\CriacaoTarefas.exe.embed.manifest.res
         Debug\CriacaoTarefas.obj
         Debug\SesError.obj
         Debug\stdafx.obj
       Manifest:
         C:\Program Files (x86)\Microsoft SDKs\Windows\v7.0A\bin\mt.exe /nologo /verbose /out:"Debug\CriacaoTarefas.exe.embed.manifest" /manifest Debug\CriacaoTarefas.exe.intermediate.manifest
         All outputs are up-to-date.
       LinkEmbedManifest:
         All outputs are up-to-date.
         CriacaoTarefas.vcxproj -> C:\ISEL\semestre5\SO\Trabalhos\Exemplos\04-CriacaoTarefas\CriacaoTarefas\Debug\CriacaoTarefas.exe
       FinalizeBuildStatus:
         Deleting file "Debug\CriacaoTarefas.unsuccessfulbuild".
         Touching "Debug\CriacaoTarefas.lastbuildstate".
     1>Done Building Project "C:\ISEL\semestre5\SO\Trabalhos\Exemplos\04-CriacaoTarefas\CriacaoTarefas\CriacaoTarefas.vcxproj" (build target(s)).

Build succeeded.

Time Elapsed 00:00:01.38
